\BOOKMARK [0][-]{chapter.1}{Planteamiento del problema}{}% 1
\BOOKMARK [1][-]{section.1.1}{Introducci\363n}{chapter.1}% 2
\BOOKMARK [1][-]{section.1.2}{Problem\341tica}{chapter.1}% 3
\BOOKMARK [1][-]{section.1.3}{Objetivo}{chapter.1}% 4
\BOOKMARK [2][-]{subsection.1.3.1}{Objetivo General}{section.1.3}% 5
\BOOKMARK [2][-]{subsection.1.3.2}{Objetivos Espec\355ficos}{section.1.3}% 6
\BOOKMARK [1][-]{section.1.4}{Alcance}{chapter.1}% 7
\BOOKMARK [1][-]{section.1.5}{Justificaci\363n}{chapter.1}% 8
\BOOKMARK [1][-]{section.1.6}{Definici\363n de t\351rminos}{chapter.1}% 9
\BOOKMARK [0][-]{chapter.2}{Marco Te\363rico}{}% 10
\BOOKMARK [1][-]{section.2.1}{Sistemas de alarma s\355smica}{chapter.2}% 11
\BOOKMARK [1][-]{section.2.2}{Transmisi\363n de alarma s\355smica}{chapter.2}% 12
\BOOKMARK [-1][-]{part.1}{I Modelo del Negocio}{}% 13
\BOOKMARK [0][-]{chapter.3}{Glosario}{part.1}% 14
\BOOKMARK [1][-]{section.3.1}{Glosario de t\351rminos}{chapter.3}% 15
\BOOKMARK [0][-]{chapter.4}{Modelo de Informaci\363n}{part.1}% 16
\BOOKMARK [0][-]{chapter.5}{Reglas de Negocio}{part.1}% 17
\BOOKMARK [1][-]{section.5.1}{Introducci\363n al Cap\355tulo}{chapter.5}% 18
\BOOKMARK [1][-]{section.5.2}{Reglas de la DAE}{chapter.5}% 19
\BOOKMARK [2][-]{subsection.5.2.1}{BR100 Recibo del Estudiante por inscripci\363n a Seminario.}{section.5.2}% 20
\BOOKMARK [1][-]{section.5.3}{Reglas de la DEMS}{chapter.5}% 21
\BOOKMARK [-1][-]{part.2}{II Modelo Din\341mico}{}% 22
\BOOKMARK [0][-]{chapter.6}{Modelo de Casos de Uso}{part.2}% 23
\BOOKMARK [1][-]{section.6.1}{Introducci\363n al Cap\355tulo}{chapter.6}% 24
\BOOKMARK [0][-]{chapter.7}{Modelado de Actores}{part.2}% 25
\BOOKMARK [1][-]{section.7.1}{Descripci\363n de participantes}{chapter.7}% 26
\BOOKMARK [1][-]{section.7.2}{Participantes detectados}{chapter.7}% 27
\BOOKMARK [2][-]{subsection.7.2.1}{Actor Ciudadano}{section.7.2}% 28
\BOOKMARK [0][-]{chapter.8}{Modelo de Estados}{part.2}% 29
\BOOKMARK [0][-]{chapter.9}{Casos de Uso}{part.2}% 30
\BOOKMARK [1][-]{section.9.1}{CU25 Configurar alertas s\355smicas}{chapter.9}% 31
\BOOKMARK [2][-]{subsection.9.1.1}{Resumen}{section.9.1}% 32
\BOOKMARK [2][-]{subsection.9.1.2}{Descripci\363n}{section.9.1}% 33
\BOOKMARK [2][-]{subsection.9.1.3}{Trayectorias del Caso de Uso}{section.9.1}% 34
\BOOKMARK [-1][-]{part.3}{III Modelo de la Interacci\363n}{}% 35
\BOOKMARK [0][-]{chapter.10}{Entorno de Trabajo}{part.3}% 36
\BOOKMARK [0][-]{chapter.11}{Navegaci\363n}{part.3}% 37
\BOOKMARK [0][-]{chapter.12}{Dise\361o de Interfaces}{part.3}% 38
\BOOKMARK [0][-]{chapter.13}{Dise\361o de Mensajes}{part.3}% 39
\BOOKMARK [0][-]{chapter.14}{Dise\361o de Documentos}{part.3}% 40
\BOOKMARK [0][-]{chapter.15}{Dise\361o de Reportes}{part.3}% 41
